  pugixml.cpp
  j1App.cpp
c:\users\norman-pc\documents\github\game-development\assignment_1\motor2d\j1Collision.h(20): warning C4099: 'Collider': nombre de tipo visto anteriormente usando 'class' ahora se ve usando 'struct'
  c:\users\norman-pc\documents\github\game-development\assignment_1\motor2d\j1Collision.h(19): note: vea la declaración de 'Collider'
  j1Audio.cpp
  j1Collision.cpp
c:\users\norman-pc\documents\github\game-development\assignment_1\motor2d\j1Player.h(10): warning C4099: 'Collider': nombre de tipo visto anteriormente usando 'class' ahora se ve usando 'struct'
  c:\users\norman-pc\documents\github\game-development\assignment_1\motor2d\j1Module.h(13): note: vea la declaración de 'Collider'
c:\users\norman-pc\documents\github\game-development\assignment_1\motor2d\j1Collision.h(20): warning C4099: 'Collider': nombre de tipo visto anteriormente usando 'class' ahora se ve usando 'struct'
  c:\users\norman-pc\documents\github\game-development\assignment_1\motor2d\j1Collision.h(19): note: vea la declaración de 'Collider'
  j1Entity.cpp
c:\users\norman-pc\documents\github\game-development\assignment_1\motor2d\j1Collision.h(20): warning C4099: 'Collider': nombre de tipo visto anteriormente usando 'class' ahora se ve usando 'struct'
  c:\users\norman-pc\documents\github\game-development\assignment_1\motor2d\j1Collision.h(19): note: vea la declaración de 'Collider'
j1Entity.cpp(10): warning C4244: '+=': conversión de 'double' a 'float'; posible pérdida de datos
  j1Input.cpp
c:\users\norman-pc\documents\github\game-development\assignment_1\motor2d\j1Player.h(10): warning C4099: 'Collider': nombre de tipo visto anteriormente usando 'class' ahora se ve usando 'struct'
  c:\users\norman-pc\documents\github\game-development\assignment_1\motor2d\j1Module.h(13): note: vea la declaración de 'Collider'
  j1Main.cpp
  j1Map.cpp
c:\users\norman-pc\documents\github\game-development\assignment_1\motor2d\j1Collision.h(20): warning C4099: 'Collider': nombre de tipo visto anteriormente usando 'class' ahora se ve usando 'struct'
  c:\users\norman-pc\documents\github\game-development\assignment_1\motor2d\j1Collision.h(19): note: vea la declaración de 'Collider'
j1Map.cpp(45): warning C4244: '=': conversión de 'int' a 'float'; posible pérdida de datos
j1Map.cpp(47): warning C4244: 'argumento': conversión de 'float' a 'int'; posible pérdida de datos
j1Map.cpp(68): warning C4018: '>=': no coinciden signed/unsigned
j1Map.cpp(68): warning C4018: '<': no coinciden signed/unsigned
j1Map.cpp(409): warning C4244: '=': conversión de 'int' a 'float'; posible pérdida de datos
j1Map.cpp(410): warning C4244: '=': conversión de 'int' a 'float'; posible pérdida de datos
j1Map.cpp(508): warning C4244: '=': conversión de 'int' a 'float'; posible pérdida de datos
  j1Player.cpp
c:\users\norman-pc\documents\github\game-development\assignment_1\motor2d\j1Collision.h(20): warning C4099: 'Collider': nombre de tipo visto anteriormente usando 'class' ahora se ve usando 'struct'
  c:\users\norman-pc\documents\github\game-development\assignment_1\motor2d\j1Collision.h(19): note: vea la declaración de 'Collider'
j1Player.cpp(96): warning C4244: '=': conversión de 'int' a 'float'; posible pérdida de datos
j1Player.cpp(97): warning C4244: '=': conversión de 'int' a 'float'; posible pérdida de datos
j1Player.cpp(194): warning C4244: 'argumento': conversión de 'float' a 'int'; posible pérdida de datos
j1Player.cpp(229): warning C4244: '=': conversión de 'float' a 'int'; posible pérdida de datos
j1Player.cpp(230): warning C4244: '=': conversión de 'float' a 'int'; posible pérdida de datos
j1Player.cpp(271): warning C4244: '=': conversión de 'int' a 'float'; posible pérdida de datos
j1Player.cpp(272): warning C4244: '=': conversión de 'int' a 'float'; posible pérdida de datos
  j1Render.cpp
j1Render.cpp(49): warning C4244: '=': conversión de 'int' a 'float'; posible pérdida de datos
j1Render.cpp(73): warning C4244: '=': conversión de 'float' a 'int'; posible pérdida de datos
  j1Scene.cpp
c:\users\norman-pc\documents\github\game-development\assignment_1\motor2d\j1Collision.h(20): warning C4099: 'Collider': nombre de tipo visto anteriormente usando 'class' ahora se ve usando 'struct'
  c:\users\norman-pc\documents\github\game-development\assignment_1\motor2d\j1Collision.h(19): note: vea la declaración de 'Collider'
j1Scene.cpp(85): warning C4018: '>': no coinciden signed/unsigned
j1Scene.cpp(96): warning C4244: '=': conversión de 'Uint32' a 'float'; posible pérdida de datos
  j1Textures.cpp
  j1Window.cpp
  p2Log.cpp
  Generando código
  452 of 456 functions (99.1%) were compiled, the rest were copied from previous compilation.
    151 functions were new in current compilation
    0 functions had inline decision re-evaluated but remain unchanged
  Generación de código finalizada
  Motor2D.vcxproj -> C:\Users\Norman-PC\Documents\GitHub\Game-Development\Assignment_1\Release\Motor 2D.exe
