  j1App.cpp
d:\rma\game-development\assignment_1\motor2d\j1collision.h(20): warning C4099: 'Collider': type name first seen using 'class' now seen using 'struct'
  d:\rma\game-development\assignment_1\motor2d\j1collision.h(19): note: see declaration of 'Collider'
  Generating Code...
  Compiling...
  j1Scene.cpp
d:\rma\game-development\assignment_1\motor2d\j1collision.h(20): warning C4099: 'Collider': type name first seen using 'class' now seen using 'struct'
  d:\rma\game-development\assignment_1\motor2d\j1collision.h(19): note: see declaration of 'Collider'
d:\rma\game-development\assignment_1\motor2d\j1scene.cpp(70): warning C4018: '>': signed/unsigned mismatch
  j1Player.cpp
d:\rma\game-development\assignment_1\motor2d\j1collision.h(20): warning C4099: 'Collider': type name first seen using 'class' now seen using 'struct'
  d:\rma\game-development\assignment_1\motor2d\j1collision.h(19): note: see declaration of 'Collider'
d:\rma\game-development\assignment_1\motor2d\j1player.cpp(90): warning C4244: '=': conversion from 'int' to 'float', possible loss of data
d:\rma\game-development\assignment_1\motor2d\j1player.cpp(91): warning C4244: '=': conversion from 'int' to 'float', possible loss of data
d:\rma\game-development\assignment_1\motor2d\j1player.cpp(173): warning C4244: 'argument': conversion from 'float' to 'int', possible loss of data
d:\rma\game-development\assignment_1\motor2d\j1player.cpp(192): warning C4244: '=': conversion from 'float' to 'int', possible loss of data
d:\rma\game-development\assignment_1\motor2d\j1player.cpp(193): warning C4244: '=': conversion from 'float' to 'int', possible loss of data
d:\rma\game-development\assignment_1\motor2d\j1player.cpp(270): warning C4244: '=': conversion from 'int' to 'float', possible loss of data
d:\rma\game-development\assignment_1\motor2d\j1player.cpp(271): warning C4244: '=': conversion from 'int' to 'float', possible loss of data
  j1Input.cpp
d:\rma\game-development\assignment_1\motor2d\j1player.h(10): warning C4099: 'Collider': type name first seen using 'class' now seen using 'struct'
  d:\rma\game-development\assignment_1\motor2d\j1module.h(13): note: see declaration of 'Collider'
  j1Entity.cpp
d:\rma\game-development\assignment_1\motor2d\j1collision.h(20): warning C4099: 'Collider': type name first seen using 'class' now seen using 'struct'
  d:\rma\game-development\assignment_1\motor2d\j1collision.h(19): note: see declaration of 'Collider'
d:\rma\game-development\assignment_1\motor2d\j1entity.cpp(9): warning C4244: '+=': conversion from 'double' to 'float', possible loss of data
  j1Collision.cpp
d:\rma\game-development\assignment_1\motor2d\j1player.h(10): warning C4099: 'Collider': type name first seen using 'class' now seen using 'struct'
  d:\rma\game-development\assignment_1\motor2d\j1module.h(13): note: see declaration of 'Collider'
d:\rma\game-development\assignment_1\motor2d\j1collision.h(20): warning C4099: 'Collider': type name first seen using 'class' now seen using 'struct'
  d:\rma\game-development\assignment_1\motor2d\j1collision.h(19): note: see declaration of 'Collider'
  Generating Code...
  Motor2D.vcxproj -> D:\rma\Game-Development\Assignment_1\Debug\Motor 2D.exe
  Motor2D.vcxproj -> D:\rma\Game-Development\Assignment_1\Debug\Motor 2D.pdb (Partial PDB)
